           _                 _    
  __ _  __| |_ __ __ _ _ __ | |_  
 / _` |/ _` | '__/ _` | '_ \| __| 
| (_| | (_| | | | (_| | | | | |_  
 \__, |\__,_|_|  \__,_|_| |_|\__| 
    |_|                           

Version: 1.11.4, build: d8b6e4a0
Access web UI at http://localhost:6333/dashboard

2024-09-24T07:35:38.102895Z  INFO storage::content_manager::consensus::persistent: Loading raft state from ./storage/raft_state.json    
2024-09-24T07:35:38.104002Z DEBUG storage::content_manager::consensus::persistent: State: Persistent { state: RaftState { hard_state: HardState { term: 0, vote: 0, commit: 0 }, conf_state: ConfState { voters: [3355596405112845], learners: [], voters_outgoing: [], learners_next: [], auto_leave: false } }, latest_snapshot_meta: SnapshotMetadataSer { term: 0, index: 0 }, apply_progress_queue: EntryApplyProgressQueue(None), peer_address_by_id: RwLock { data: {} }, peer_metadata_by_id: RwLock { data: {} }, cluster_metadata: {}, this_peer_id: 3355596405112845, path: "./storage/raft_state.json", dirty: false }    
2024-09-24T07:35:38.122829Z  INFO storage::content_manager::toc: Loading collection: default    
2024-09-24T07:35:38.183823Z  INFO collection::shards::local_shard: Recovering collection default: 0/1 (0%)    
2024-09-24T07:35:38.200636Z  INFO collection::shards::local_shard: Recovered collection default: 1/1 (100%)    
2024-09-24T07:35:38.202470Z DEBUG qdrant: Loaded collection: default    
2024-09-24T07:35:38.202481Z  INFO qdrant: Distributed mode disabled    
2024-09-24T07:35:38.202490Z  INFO qdrant: Telemetry reporting disabled    
2024-09-24T07:35:38.202879Z DEBUG qdrant: Waiting for thread web to finish    
2024-09-24T07:35:38.203549Z  WARN qdrant::actix::web_ui: Static content folder for Web UI './static' does not exist    
2024-09-24T07:35:38.204008Z  INFO qdrant::actix: TLS disabled for REST API    
2024-09-24T07:35:38.204100Z  INFO qdrant::actix: Qdrant HTTP listening on 6333    
2024-09-24T07:35:38.204109Z  INFO actix_server::builder: Starting 11 workers
2024-09-24T07:35:38.204113Z  INFO actix_server::server: Actix runtime found; starting in Actix runtime
2024-09-24T07:35:38.206145Z  INFO qdrant::tonic: Qdrant gRPC listening on 6334    
2024-09-24T07:35:38.206163Z  INFO qdrant::tonic: TLS disabled for gRPC API    
2024-09-24T07:35:48.109493Z  INFO storage::content_manager::toc::collection_meta_ops: Deleting collection default    
2024-09-24T07:35:48.110127Z DEBUG collection::update_handler: Stopping flush worker.    
2024-09-24T07:35:48.113499Z  INFO actix_web::middleware::logger: 127.0.0.1 "DELETE /collections/default HTTP/1.1" 200 48 "-" "curl/7.81.0" 0.004079    
2024-09-24T07:36:12.799251Z DEBUG storage::content_manager::snapshots::recover: Downloading snapshot from file:///home/san/gaianet/qdrant/snapshots/default/default.snapshot to /home/san/gaianet/qdrant/./snapshots/tmp/download-Wp6Rmk    
2024-09-24T07:36:12.799280Z DEBUG storage::content_manager::snapshots::recover: Snapshot downloaded to /home/san/gaianet/qdrant/snapshots/default/default.snapshot    
2024-09-24T07:36:12.799430Z DEBUG storage::content_manager::snapshots::recover: Recovering collection default from snapshot /home/san/gaianet/qdrant/snapshots/default/default.snapshot    
2024-09-24T07:36:12.799433Z DEBUG storage::content_manager::snapshots::recover: Unpacking snapshot to /home/san/gaianet/qdrant/./storage/tmp/col-default-recovery-lrS5qu    
2024-09-24T07:36:13.754805Z DEBUG storage::content_manager::snapshots::recover: Collection default does not exist, creating it    
2024-09-24T07:36:13.754834Z  INFO storage::content_manager::toc::collection_meta_ops: Creating collection default    
2024-09-24T07:36:13.957201Z DEBUG collection::collection: Changing shard default:0 replica state from Some(Initializing) to Active    
2024-09-24T07:36:13.957218Z DEBUG collection::shards::replica_set: Changing local shard default:0 state from Some(Initializing) to Active    
2024-09-24T07:36:13.960814Z DEBUG storage::content_manager::snapshots::recover: Recovering shard 0 from /home/san/gaianet/qdrant/./storage/tmp/col-default-recovery-lrS5qu/0    
2024-09-24T07:36:13.961079Z DEBUG collection::update_handler: Stopping flush worker.    
2024-09-24T07:36:14.116910Z  INFO collection::shards::local_shard: Recovering collection default: 0/20 (0%)    
2024-09-24T07:36:14.167821Z  INFO collection::shards::local_shard: Recovered collection default: 20/20 (100%)    
2024-09-24T07:36:14.169472Z DEBUG storage::content_manager::snapshots::recover: Activating shard 0 of collection default locally    
2024-09-24T07:36:14.169492Z DEBUG collection::collection: Changing shard default:0 replica state from Some(Active) to Active    
2024-09-24T07:36:14.169501Z DEBUG collection::shards::replica_set: Changing local shard default:0 state from Some(Active) to Active    
2024-09-24T07:36:14.173381Z  INFO actix_web::middleware::logger: 127.0.0.1 "POST /collections/default/snapshots/upload?priority=snapshot HTTP/1.1" 200 48 "-" "curl/7.81.0" 1.687366    
2024-09-24T07:36:19.197674Z  INFO actix_server::server: SIGTERM received; starting graceful shutdown
2024-09-24T07:36:19.197675Z DEBUG qdrant::tonic: Stopping gRPC service on SIGTERM    
2024-09-24T07:36:19.197758Z  INFO actix_server::worker: Shutting down idle worker
2024-09-24T07:36:19.197804Z DEBUG actix_server::accept: Paused accepting connections on 127.0.0.1:6333
2024-09-24T07:36:19.197838Z  INFO actix_server::accept: Accept thread stopped
2024-09-24T07:36:19.197833Z  INFO actix_server::worker: Shutting down idle worker
2024-09-24T07:36:19.197857Z  INFO actix_server::worker: Shutting down idle worker
2024-09-24T07:36:19.197863Z  INFO actix_server::worker: Shutting down idle worker
2024-09-24T07:36:19.197881Z  INFO actix_server::worker: Shutting down idle worker
2024-09-24T07:36:19.197879Z  INFO actix_server::worker: Shutting down idle worker
2024-09-24T07:36:19.197864Z  INFO actix_server::worker: Shutting down idle worker
2024-09-24T07:36:19.197864Z  INFO actix_server::worker: Shutting down idle worker
2024-09-24T07:36:19.197882Z  INFO actix_server::worker: Shutting down idle worker
2024-09-24T07:36:19.197989Z  INFO actix_server::worker: Shutting down idle worker
2024-09-24T07:36:19.198210Z  INFO actix_server::worker: Shutting down idle worker
2024-09-24T07:36:19.501037Z DEBUG qdrant: Waiting for thread grpc to finish    
2024-09-24T07:36:19.501558Z DEBUG collection::update_handler: Stopping flush worker.    
